{"message":"Master 17554 is running","level":"info"}
{"message":"Forking process number 0...","level":"info"}
{"message":"Forking process number 1...","level":"info"}
{"message":"Forking process number 2...","level":"info"}
{"message":"Forking process number 3...","level":"info"}
{"message":"worker 17579 died","level":"info"}
{"message":"worker 17566 died","level":"info"}
{"message":"worker 17565 died","level":"info"}
{"message":"worker 17572 died","level":"info"}
{"message":"worker 17609 died","level":"info"}
{"message":"worker 17623 died","level":"info"}
{"message":"worker 17616 died","level":"info"}
{"message":"worker 17630 died","level":"info"}
{"message":"worker 17660 died","level":"info"}
{"message":"worker 17653 died","level":"info"}
{"message":"worker 17667 died","level":"info"}
{"message":"worker 17674 died","level":"info"}
{"message":"worker 17697 died","level":"info"}
{"message":"worker 17711 died","level":"info"}
{"message":"worker 17704 died","level":"info"}
{"message":"worker 17718 died","level":"info"}
{"message":"worker 17741 died","level":"info"}
{"message":"worker 17748 died","level":"info"}
{"message":"worker 17754 died","level":"info"}
{"message":"worker 17762 died","level":"info"}
{"message":"worker 17792 died","level":"info"}
{"message":"worker 17785 died","level":"info"}
{"message":"worker 17805 died","level":"info"}
{"message":"worker 17799 died","level":"info"}
{"message":"Master 17949 is running","level":"info"}
{"message":"Forking process number 0...","level":"info"}
{"message":"Forking process number 1...","level":"info"}
{"message":"Forking process number 2...","level":"info"}
{"message":"Forking process number 3...","level":"info"}
{"message":"worker 17960 died","level":"info"}
{"message":"worker 17967 died","level":"info"}
{"message":"worker 17961 died","level":"info"}
{"message":"worker 17973 died","level":"info"}
{"message":"worker 18004 died","level":"info"}
{"message":"worker 18013 died","level":"info"}
{"message":"worker 18012 died","level":"info"}
{"message":"worker 18026 died","level":"info"}
{"message":"Master 18137 is running","level":"info"}
{"message":"Sat Jul 27 2019 12:21:37 GMT+0530 Forking process number 0...","level":"info"}
{"message":"Sat Jul 27 2019 12:21:37 GMT+0530 Forking process number 1...","level":"info"}
{"message":"Sat Jul 27 2019 12:21:37 GMT+0530 Forking process number 2...","level":"info"}
{"message":"Sat Jul 27 2019 12:21:37 GMT+0530 Forking process number 3...","level":"info"}
{"message":"Sat Jul 27 2019 12:21:38 GMT+0530  worker 18148 died","level":"info"}
{"message":"Sat Jul 27 2019 12:21:38 GMT+0530  worker 18154 died","level":"info"}
{"message":"Sat Jul 27 2019 12:21:38 GMT+0530  worker 18156 died","level":"info"}
{"message":"Sat Jul 27 2019 12:21:38 GMT+0530  worker 18162 died","level":"info"}
{"message":"Sat Jul 27 2019 12:21:39 GMT+0530  worker 18205 died","level":"info"}
{"message":"Sat Jul 27 2019 12:21:39 GMT+0530  worker 18192 died","level":"info"}
{"message":"Sat Jul 27 2019 12:21:39 GMT+0530  worker 18198 died","level":"info"}
{"message":"Sat Jul 27 2019 12:21:39 GMT+0530  worker 18207 died","level":"info"}
{"message":"Sat Jul 27 2019 12:21:40 GMT+0530  worker 18237 died","level":"info"}
{"message":"Sat Jul 27 2019 12:21:40 GMT+0530  worker 18244 died","level":"info"}
{"message":"Sat Jul 27 2019 12:21:40 GMT+0530  worker 18236 died","level":"info"}
{"message":"Sat Jul 27 2019 12:21:40 GMT+0530  worker 18257 died","level":"info"}
{"message":"Master 18341 is running","level":"info"}
{"message":"Sat Jul 27 2019 12:22:54 GMT+0530 Forking process number 0...","level":"info"}
{"message":"Sat Jul 27 2019 12:22:54 GMT+0530 Forking process number 1...","level":"info"}
{"message":"Sat Jul 27 2019 12:22:54 GMT+0530 Forking process number 2...","level":"info"}
{"message":"Sat Jul 27 2019 12:22:54 GMT+0530 Forking process number 3...","level":"info"}
{"message":"Sat Jul 27 2019 12:22:55 GMT+0530  worker 18352 died","level":"info"}
{"message":"Sat Jul 27 2019 12:22:55 GMT+0530  worker 18360 died","level":"info"}
{"message":"Sat Jul 27 2019 12:22:55 GMT+0530  worker 18366 died","level":"info"}
{"message":"Sat Jul 27 2019 12:22:55 GMT+0530  worker 18358 died","level":"info"}
{"message":"Sat Jul 27 2019 12:22:56 GMT+0530  worker 18403 died","level":"info"}
{"message":"Sat Jul 27 2019 12:22:56 GMT+0530  worker 18396 died","level":"info"}
{"message":"Sat Jul 27 2019 12:22:56 GMT+0530  worker 18405 died","level":"info"}
{"message":"Sat Jul 27 2019 12:22:56 GMT+0530  worker 18416 died","level":"info"}
{"message":"Master 18555 is running","level":"info"}
{"message":"Sat Jul 27 2019 12:25:49 GMT+0530 Forking process number 0...","level":"info"}
{"message":"Sat Jul 27 2019 12:25:49 GMT+0530 Forking process number 1...","level":"info"}
{"message":"Sat Jul 27 2019 12:25:49 GMT+0530 Forking process number 2...","level":"info"}
{"message":"Sat Jul 27 2019 12:25:49 GMT+0530 Forking process number 3...","level":"info"}
{"message":"Sat Jul 27 2019 12:25:49 GMT+0530  worker 18568 died","level":"info"}
{"message":"Sat Jul 27 2019 12:25:49 GMT+0530  worker 18576 died","level":"info"}
{"message":"Sat Jul 27 2019 12:25:49 GMT+0530  worker 18582 died","level":"info"}
{"message":"Sat Jul 27 2019 12:25:49 GMT+0530  worker 18574 died","level":"info"}
{"message":"Sat Jul 27 2019 12:25:50 GMT+0530  worker 18612 died","level":"info"}
{"message":"Sat Jul 27 2019 12:25:50 GMT+0530  worker 18626 died","level":"info"}
{"message":"Sat Jul 27 2019 12:25:50 GMT+0530  worker 18619 died","level":"info"}
{"message":"Sat Jul 27 2019 12:25:50 GMT+0530  worker 18627 died","level":"info"}
{"message":"Master 18789 is running","level":"info"}
{"message":"Sat Jul 27 2019 12:26:45 GMT+0530 Forking process number 0...","level":"info"}
{"message":"Sat Jul 27 2019 12:26:45 GMT+0530 Forking process number 1...","level":"info"}
{"message":"Sat Jul 27 2019 12:26:45 GMT+0530 Forking process number 2...","level":"info"}
{"message":"Sat Jul 27 2019 12:26:45 GMT+0530 Forking process number 3...","level":"info"}
{"message":"Sat Jul 27 2019 12:26:46 GMT+0530  worker 18806 died","level":"info"}
{"message":"Sat Jul 27 2019 12:26:46 GMT+0530  worker 18814 died","level":"info"}
{"message":"Sat Jul 27 2019 12:26:46 GMT+0530  worker 18800 died","level":"info"}
{"message":"Sat Jul 27 2019 12:26:47 GMT+0530  worker 18808 died","level":"info"}
{"message":"Sat Jul 27 2019 12:26:47 GMT+0530  worker 18846 died","level":"info"}
{"message":"Sat Jul 27 2019 12:26:47 GMT+0530  worker 18859 died","level":"info"}
{"message":"Sat Jul 27 2019 12:26:48 GMT+0530  worker 18845 died","level":"info"}
{"message":"Sat Jul 27 2019 12:26:48 GMT+0530  worker 18866 died","level":"info"}
{"message":"Master 18982 is running","level":"info"}
{"message":"Sat Jul 27 2019 12:30:04 GMT+0530 Forking process number 0...","level":"info"}
{"message":"Sat Jul 27 2019 12:30:04 GMT+0530 Forking process number 1...","level":"info"}
{"message":"Sat Jul 27 2019 12:30:04 GMT+0530 Forking process number 2...","level":"info"}
{"message":"Sat Jul 27 2019 12:30:04 GMT+0530 Forking process number 3...","level":"info"}
{"message":"Sat Jul 27 2019 12:30:05 GMT+0530  worker 18999 died","level":"info"}
{"message":"Sat Jul 27 2019 12:30:05 GMT+0530  worker 19001 died","level":"info"}
{"message":"Sat Jul 27 2019 12:30:05 GMT+0530  worker 19007 died","level":"info"}
{"message":"Sat Jul 27 2019 12:30:05 GMT+0530  worker 18993 died","level":"info"}
{"message":"Master 19146 is running","level":"info"}
{"message":"Sat Jul 27 2019 12:32:02 GMT+0530 Forking process number 0...","level":"info"}
{"message":"Sat Jul 27 2019 12:32:02 GMT+0530 Forking process number 1...","level":"info"}
{"message":"Sat Jul 27 2019 12:32:02 GMT+0530 Forking process number 2...","level":"info"}
{"message":"Sat Jul 27 2019 12:32:02 GMT+0530 Forking process number 3...","level":"info"}
{"message":"Sat Jul 27 2019 12:32:02 GMT+0530  worker 19157 died","level":"info"}
{"message":"Sat Jul 27 2019 12:32:02 GMT+0530  worker 19165 died","level":"info"}
{"message":"Sat Jul 27 2019 12:32:02 GMT+0530  worker 19163 died","level":"info"}
{"message":"Sat Jul 27 2019 12:32:02 GMT+0530  worker 19171 died","level":"info"}
{"message":"Sat Jul 27 2019 12:32:03 GMT+0530  worker 19208 died","level":"info"}
{"message":"Sat Jul 27 2019 12:32:03 GMT+0530  worker 19210 died","level":"info"}
{"message":"Sat Jul 27 2019 12:32:03 GMT+0530  worker 19201 died","level":"info"}
{"message":"Sat Jul 27 2019 12:32:03 GMT+0530  worker 19222 died","level":"info"}
{"message":"Master 22623 is running","level":"info"}
{"message":"Sat Jul 27 2019 12:42:15 GMT+0530 Forking process number 0...","level":"info"}
{"message":"Sat Jul 27 2019 12:42:15 GMT+0530 Forking process number 1...","level":"info"}
{"message":"Sat Jul 27 2019 12:42:15 GMT+0530 Forking process number 2...","level":"info"}
{"message":"Sat Jul 27 2019 12:42:15 GMT+0530 Forking process number 3...","level":"info"}
{"message":"Sat Jul 27 2019 12:42:16 GMT+0530  worker 22634 died","level":"info"}
{"message":"Sat Jul 27 2019 12:42:16 GMT+0530  worker 22640 died","level":"info"}
{"message":"Sat Jul 27 2019 12:42:16 GMT+0530  worker 22648 died","level":"info"}
{"message":"Sat Jul 27 2019 12:42:16 GMT+0530  worker 22642 died","level":"info"}
{"message":"Sat Jul 27 2019 12:42:17 GMT+0530  worker 22678 died","level":"info"}
{"message":"Sat Jul 27 2019 12:42:17 GMT+0530  worker 22679 died","level":"info"}
{"message":"Sat Jul 27 2019 12:42:17 GMT+0530  worker 22681 died","level":"info"}
{"message":"Sat Jul 27 2019 12:42:17 GMT+0530  worker 22699 died","level":"info"}
{"message":"Master 22848 is running","level":"info"}
{"message":"Sat Jul 27 2019 12:43:40 GMT+0530 Forking process number 0...","level":"info"}
{"message":"Sat Jul 27 2019 12:43:40 GMT+0530 Forking process number 1...","level":"info"}
{"message":"Sat Jul 27 2019 12:43:40 GMT+0530 Forking process number 2...","level":"info"}
{"message":"Sat Jul 27 2019 12:43:40 GMT+0530 Forking process number 3...","level":"info"}
{"message":"Sat Jul 27 2019 12:43:41 GMT+0530  worker 22859 died","level":"info"}
{"message":"Sat Jul 27 2019 12:43:41 GMT+0530  worker 22865 died","level":"info"}
{"message":"Sat Jul 27 2019 12:43:41 GMT+0530  worker 22867 died","level":"info"}
{"message":"Sat Jul 27 2019 12:43:41 GMT+0530  worker 22873 died","level":"info"}
{"message":"Sat Jul 27 2019 12:43:42 GMT+0530  worker 22903 died","level":"info"}
{"message":"Sat Jul 27 2019 12:43:42 GMT+0530  worker 22909 died","level":"info"}
{"message":"Sat Jul 27 2019 12:43:42 GMT+0530  worker 22916 died","level":"info"}
{"message":"Sat Jul 27 2019 12:43:42 GMT+0530  worker 22923 died","level":"info"}
{"message":"Sat Jul 27 2019 12:43:43 GMT+0530  worker 22947 died","level":"info"}
{"message":"Sat Jul 27 2019 12:43:43 GMT+0530  worker 22954 died","level":"info"}
{"message":"Sat Jul 27 2019 12:43:43 GMT+0530  worker 22961 died","level":"info"}
{"message":"Sat Jul 27 2019 12:43:43 GMT+0530  worker 22956 died","level":"info"}
{"message":"Master 23132 is running","level":"info"}
{"message":"Sat Jul 27 2019 12:46:48 GMT+0530 Forking process number 0...","level":"info"}
{"message":"Sat Jul 27 2019 12:46:48 GMT+0530 Forking process number 1...","level":"info"}
{"message":"Sat Jul 27 2019 12:46:48 GMT+0530 Forking process number 2...","level":"info"}
{"message":"Sat Jul 27 2019 12:46:48 GMT+0530 Forking process number 3...","level":"info"}
{"message":"Sat Jul 27 2019 12:46:49 GMT+0530  worker 23143 died","level":"info"}
{"message":"Sat Jul 27 2019 12:46:49 GMT+0530  worker 23149 died","level":"info"}
{"message":"Sat Jul 27 2019 12:46:49 GMT+0530  worker 23151 died","level":"info"}
{"message":"Sat Jul 27 2019 12:46:49 GMT+0530  worker 23162 died","level":"info"}
{"message":"Sat Jul 27 2019 12:46:50 GMT+0530  worker 23187 died","level":"info"}
{"message":"Sat Jul 27 2019 12:46:50 GMT+0530  worker 23188 died","level":"info"}
{"message":"Sat Jul 27 2019 12:46:50 GMT+0530  worker 23208 died","level":"info"}
{"message":"Sat Jul 27 2019 12:46:50 GMT+0530  worker 23194 died","level":"info"}
{"message":"Master 28834 is running","level":"info"}
{"message":"Sat Jul 27 2019 12:53:39 GMT+0530 Forking process number 0...","level":"info"}
{"message":"Sat Jul 27 2019 12:53:39 GMT+0530 Forking process number 1...","level":"info"}
{"message":"Sat Jul 27 2019 12:53:39 GMT+0530 Forking process number 2...","level":"info"}
{"message":"Sat Jul 27 2019 12:53:39 GMT+0530 Forking process number 3...","level":"info"}
{"message":"Sat Jul 27 2019 12:53:41 GMT+0530  worker 28859 died","level":"info"}
{"message":"Sat Jul 27 2019 12:53:41 GMT+0530  worker 28851 died","level":"info"}
{"message":"Sat Jul 27 2019 12:53:41 GMT+0530  worker 28845 died","level":"info"}
{"message":"Sat Jul 27 2019 12:53:41 GMT+0530  worker 28853 died","level":"info"}
{"message":"Sat Jul 27 2019 12:53:42 GMT+0530  worker 28895 died","level":"info"}
{"message":"Sat Jul 27 2019 12:53:42 GMT+0530  worker 28893 died","level":"info"}
{"message":"Sat Jul 27 2019 12:53:42 GMT+0530  worker 28906 died","level":"info"}
{"message":"Sat Jul 27 2019 12:53:42 GMT+0530  worker 28908 died","level":"info"}
{"message":"Master 29019 is running","level":"info"}
{"message":"Sat Jul 27 2019 12:54:11 GMT+0530 Forking process number 0...","level":"info"}
{"message":"Sat Jul 27 2019 12:54:11 GMT+0530 Forking process number 1...","level":"info"}
{"message":"Sat Jul 27 2019 12:54:11 GMT+0530 Forking process number 2...","level":"info"}
{"message":"Sat Jul 27 2019 12:54:11 GMT+0530 Forking process number 3...","level":"info"}
{"message":"Sat Jul 27 2019 12:54:14 GMT+0530  worker 29036 died","level":"info"}
{"message":"Sat Jul 27 2019 12:54:14 GMT+0530  worker 29030 died","level":"info"}
{"message":"Sat Jul 27 2019 12:54:14 GMT+0530  worker 29044 died","level":"info"}
{"message":"Sat Jul 27 2019 12:54:14 GMT+0530  worker 29038 died","level":"info"}
{"message":"Master 29161 is running","level":"info"}
{"message":"Sat Jul 27 2019 12:54:54 GMT+0530 Forking process number 0...","level":"info"}
{"message":"Sat Jul 27 2019 12:54:54 GMT+0530 Forking process number 1...","level":"info"}
{"message":"Sat Jul 27 2019 12:54:54 GMT+0530 Forking process number 2...","level":"info"}
{"message":"Sat Jul 27 2019 12:54:54 GMT+0530 Forking process number 3...","level":"info"}
{"message":"Master 32108 is running","level":"info"}
{"message":"Sat Jul 27 2019 13:06:28 GMT+0530 Forking process number 0...","level":"info"}
{"message":"Sat Jul 27 2019 13:06:28 GMT+0530 Forking process number 1...","level":"info"}
{"message":"Sat Jul 27 2019 13:06:28 GMT+0530 Forking process number 2...","level":"info"}
{"message":"Sat Jul 27 2019 13:06:28 GMT+0530 Forking process number 3...","level":"info"}
{"message":"Master 5070 is running","level":"info"}
{"message":"Sat Jul 27 2019 17:40:27 GMT+0530 Forking process number 0...","level":"info"}
{"message":"Sat Jul 27 2019 17:40:27 GMT+0530 Forking process number 1...","level":"info"}
{"message":"Sat Jul 27 2019 17:40:27 GMT+0530 Forking process number 2...","level":"info"}
{"message":"Sat Jul 27 2019 17:40:27 GMT+0530 Forking process number 3...","level":"info"}
{"message":"Master 3836 is running","level":"info"}
{"message":"Mon Jul 29 2019 10:37:34 GMT+0530 Forking process number 0...","level":"info"}
{"message":"Mon Jul 29 2019 10:37:34 GMT+0530 Forking process number 1...","level":"info"}
{"message":"Mon Jul 29 2019 10:37:34 GMT+0530 Forking process number 2...","level":"info"}
{"message":"Mon Jul 29 2019 10:37:34 GMT+0530 Forking process number 3...","level":"info"}
{"message":"Master 4770 is running","level":"info"}
{"message":"Mon Jul 29 2019 10:41:13 GMT+0530 Forking process number 0...","level":"info"}
{"message":"Mon Jul 29 2019 10:41:13 GMT+0530 Forking process number 1...","level":"info"}
{"message":"Mon Jul 29 2019 10:41:13 GMT+0530 Forking process number 2...","level":"info"}
{"message":"Mon Jul 29 2019 10:41:13 GMT+0530 Forking process number 3...","level":"info"}
{"message":"Master 5693 is running","level":"info"}
{"message":"Mon Jul 29 2019 10:47:36 GMT+0530 Forking process number 0...","level":"info"}
{"message":"Mon Jul 29 2019 10:47:36 GMT+0530 Forking process number 1...","level":"info"}
{"message":"Mon Jul 29 2019 10:47:36 GMT+0530 Forking process number 2...","level":"info"}
{"message":"Mon Jul 29 2019 10:47:36 GMT+0530 Forking process number 3...","level":"info"}
{"message":"Master 5791 is running","level":"info"}
{"message":"Mon Jul 29 2019 10:47:40 GMT+0530 Forking process number 0...","level":"info"}
{"message":"Mon Jul 29 2019 10:47:40 GMT+0530 Forking process number 1...","level":"info"}
{"message":"Mon Jul 29 2019 10:47:40 GMT+0530 Forking process number 2...","level":"info"}
{"message":"Mon Jul 29 2019 10:47:40 GMT+0530 Forking process number 3...","level":"info"}
{"message":"Mon Jul 29 2019 10:47:44 GMT+0530  worker 5809 died","level":"info"}
{"message":"Mon Jul 29 2019 10:47:44 GMT+0530  worker 5802 died","level":"info"}
{"message":"Mon Jul 29 2019 10:47:44 GMT+0530  worker 5804 died","level":"info"}
{"message":"Mon Jul 29 2019 10:47:44 GMT+0530  worker 5811 died","level":"info"}
{"message":"Mon Jul 29 2019 10:47:47 GMT+0530  worker 5857 died","level":"info"}
{"message":"Mon Jul 29 2019 10:47:48 GMT+0530  worker 5878 died","level":"info"}
{"message":"Mon Jul 29 2019 10:47:48 GMT+0530  worker 5864 died","level":"info"}
{"message":"Mon Jul 29 2019 10:47:48 GMT+0530  worker 5871 died","level":"info"}
{"message":"Master 5998 is running","level":"info"}
{"message":"Mon Jul 29 2019 10:47:51 GMT+0530 Forking process number 0...","level":"info"}
{"message":"Mon Jul 29 2019 10:47:51 GMT+0530 Forking process number 1...","level":"info"}
{"message":"Mon Jul 29 2019 10:47:51 GMT+0530 Forking process number 2...","level":"info"}
{"message":"Mon Jul 29 2019 10:47:51 GMT+0530 Forking process number 3...","level":"info"}
{"message":"Master 6111 is running","level":"info"}
{"message":"Mon Jul 29 2019 10:50:33 GMT+0530 Forking process number 0...","level":"info"}
{"message":"Mon Jul 29 2019 10:50:33 GMT+0530 Forking process number 1...","level":"info"}
{"message":"Mon Jul 29 2019 10:50:33 GMT+0530 Forking process number 2...","level":"info"}
{"message":"Mon Jul 29 2019 10:50:33 GMT+0530 Forking process number 3...","level":"info"}
{"message":"Master 6196 is running","level":"info"}
{"message":"Mon Jul 29 2019 10:50:35 GMT+0530 Forking process number 0...","level":"info"}
{"message":"Mon Jul 29 2019 10:50:35 GMT+0530 Forking process number 1...","level":"info"}
{"message":"Mon Jul 29 2019 10:50:35 GMT+0530 Forking process number 2...","level":"info"}
{"message":"Mon Jul 29 2019 10:50:35 GMT+0530 Forking process number 3...","level":"info"}
{"message":"Master 6322 is running","level":"info"}
{"message":"Mon Jul 29 2019 10:51:29 GMT+0530 Forking process number 0...","level":"info"}
{"message":"Mon Jul 29 2019 10:51:29 GMT+0530 Forking process number 1...","level":"info"}
{"message":"Mon Jul 29 2019 10:51:29 GMT+0530 Forking process number 2...","level":"info"}
{"message":"Mon Jul 29 2019 10:51:29 GMT+0530 Forking process number 3...","level":"info"}
{"message":"Master 6388 is running","level":"info"}
{"message":"Mon Jul 29 2019 10:51:30 GMT+0530 Forking process number 0...","level":"info"}
{"message":"Mon Jul 29 2019 10:51:30 GMT+0530 Forking process number 1...","level":"info"}
{"message":"Mon Jul 29 2019 10:51:30 GMT+0530 Forking process number 2...","level":"info"}
{"message":"Mon Jul 29 2019 10:51:30 GMT+0530 Forking process number 3...","level":"info"}
{"message":"Master 6479 is running","level":"info"}
{"message":"Mon Jul 29 2019 10:52:58 GMT+0530 Forking process number 0...","level":"info"}
{"message":"Mon Jul 29 2019 10:52:58 GMT+0530 Forking process number 1...","level":"info"}
{"message":"Mon Jul 29 2019 10:52:58 GMT+0530 Forking process number 2...","level":"info"}
{"message":"Mon Jul 29 2019 10:52:58 GMT+0530 Forking process number 3...","level":"info"}
{"message":"Master 6626 is running","level":"info"}
{"message":"Mon Jul 29 2019 10:58:44 GMT+0530 Forking process number 0...","level":"info"}
{"message":"Mon Jul 29 2019 10:58:44 GMT+0530 Forking process number 1...","level":"info"}
{"message":"Mon Jul 29 2019 10:58:44 GMT+0530 Forking process number 2...","level":"info"}
{"message":"Mon Jul 29 2019 10:58:44 GMT+0530 Forking process number 3...","level":"info"}
{"message":"Master 6731 is running","level":"info"}
{"message":"Mon Jul 29 2019 11:00:02 GMT+0530 Forking process number 0...","level":"info"}
{"message":"Mon Jul 29 2019 11:00:02 GMT+0530 Forking process number 1...","level":"info"}
{"message":"Mon Jul 29 2019 11:00:02 GMT+0530 Forking process number 2...","level":"info"}
{"message":"Mon Jul 29 2019 11:00:02 GMT+0530 Forking process number 3...","level":"info"}
{"message":"Master 6772 is running","level":"info"}
{"message":"Mon Jul 29 2019 11:00:03 GMT+0530 Forking process number 0...","level":"info"}
{"message":"Mon Jul 29 2019 11:00:03 GMT+0530 Forking process number 1...","level":"info"}
{"message":"Mon Jul 29 2019 11:00:03 GMT+0530 Forking process number 2...","level":"info"}
{"message":"Mon Jul 29 2019 11:00:03 GMT+0530 Forking process number 3...","level":"info"}
{"message":"Master 6874 is running","level":"info"}
{"message":"Mon Jul 29 2019 11:00:14 GMT+0530 Forking process number 0...","level":"info"}
{"message":"Mon Jul 29 2019 11:00:14 GMT+0530 Forking process number 1...","level":"info"}
{"message":"Mon Jul 29 2019 11:00:14 GMT+0530 Forking process number 2...","level":"info"}
{"message":"Mon Jul 29 2019 11:00:14 GMT+0530 Forking process number 3...","level":"info"}
{"message":"Master 6953 is running","level":"info"}
{"message":"Mon Jul 29 2019 11:01:05 GMT+0530 Forking process number 0...","level":"info"}
{"message":"Mon Jul 29 2019 11:01:05 GMT+0530 Forking process number 1...","level":"info"}
{"message":"Mon Jul 29 2019 11:01:05 GMT+0530 Forking process number 2...","level":"info"}
{"message":"Mon Jul 29 2019 11:01:05 GMT+0530 Forking process number 3...","level":"info"}
{"message":"Master 7064 is running","level":"info"}
{"message":"Mon Jul 29 2019 11:04:56 GMT+0530 Forking process number 0...","level":"info"}
{"message":"Mon Jul 29 2019 11:04:56 GMT+0530 Forking process number 1...","level":"info"}
{"message":"Mon Jul 29 2019 11:04:56 GMT+0530 Forking process number 2...","level":"info"}
{"message":"Mon Jul 29 2019 11:04:56 GMT+0530 Forking process number 3...","level":"info"}
{"message":"Master 7293 is running","level":"info"}
{"message":"Mon Jul 29 2019 11:10:48 GMT+0530 Forking process number 0...","level":"info"}
{"message":"Mon Jul 29 2019 11:10:48 GMT+0530 Forking process number 1...","level":"info"}
{"message":"Mon Jul 29 2019 11:10:48 GMT+0530 Forking process number 2...","level":"info"}
{"message":"Mon Jul 29 2019 11:10:48 GMT+0530 Forking process number 3...","level":"info"}
{"message":"Master 7414 is running","level":"info"}
{"message":"Mon Jul 29 2019 11:13:49 GMT+0530 Forking process number 0...","level":"info"}
{"message":"Mon Jul 29 2019 11:13:49 GMT+0530 Forking process number 1...","level":"info"}
{"message":"Mon Jul 29 2019 11:13:49 GMT+0530 Forking process number 2...","level":"info"}
{"message":"Mon Jul 29 2019 11:13:49 GMT+0530 Forking process number 3...","level":"info"}
{"message":"Master 7559 is running","level":"info"}
{"message":"Mon Jul 29 2019 11:16:30 GMT+0530 Forking process number 0...","level":"info"}
{"message":"Mon Jul 29 2019 11:16:30 GMT+0530 Forking process number 1...","level":"info"}
{"message":"Mon Jul 29 2019 11:16:30 GMT+0530 Forking process number 2...","level":"info"}
{"message":"Mon Jul 29 2019 11:16:30 GMT+0530 Forking process number 3...","level":"info"}
{"message":"Master 7654 is running","level":"info"}
{"message":"Mon Jul 29 2019 11:16:52 GMT+0530 Forking process number 0...","level":"info"}
{"message":"Mon Jul 29 2019 11:16:52 GMT+0530 Forking process number 1...","level":"info"}
{"message":"Mon Jul 29 2019 11:16:52 GMT+0530 Forking process number 2...","level":"info"}
{"message":"Mon Jul 29 2019 11:16:52 GMT+0530 Forking process number 3...","level":"info"}
{"message":"Master 7776 is running","level":"info"}
{"message":"Mon Jul 29 2019 11:17:13 GMT+0530 Forking process number 0...","level":"info"}
{"message":"Mon Jul 29 2019 11:17:13 GMT+0530 Forking process number 1...","level":"info"}
{"message":"Mon Jul 29 2019 11:17:13 GMT+0530 Forking process number 2...","level":"info"}
{"message":"Mon Jul 29 2019 11:17:13 GMT+0530 Forking process number 3...","level":"info"}
{"message":"Master 7858 is running","level":"info"}
{"message":"Mon Jul 29 2019 11:18:08 GMT+0530 Forking process number 0...","level":"info"}
{"message":"Mon Jul 29 2019 11:18:08 GMT+0530 Forking process number 1...","level":"info"}
{"message":"Mon Jul 29 2019 11:18:08 GMT+0530 Forking process number 2...","level":"info"}
{"message":"Mon Jul 29 2019 11:18:08 GMT+0530 Forking process number 3...","level":"info"}
{"message":"Master 7931 is running","level":"info"}
{"message":"Mon Jul 29 2019 11:18:22 GMT+0530 Forking process number 0...","level":"info"}
{"message":"Mon Jul 29 2019 11:18:22 GMT+0530 Forking process number 1...","level":"info"}
{"message":"Mon Jul 29 2019 11:18:22 GMT+0530 Forking process number 2...","level":"info"}
{"message":"Mon Jul 29 2019 11:18:22 GMT+0530 Forking process number 3...","level":"info"}
{"message":"Master 8058 is running","level":"info"}
{"message":"Mon Jul 29 2019 11:20:22 GMT+0530 Forking process number 0...","level":"info"}
{"message":"Mon Jul 29 2019 11:20:22 GMT+0530 Forking process number 1...","level":"info"}
{"message":"Mon Jul 29 2019 11:20:22 GMT+0530 Forking process number 2...","level":"info"}
{"message":"Mon Jul 29 2019 11:20:22 GMT+0530 Forking process number 3...","level":"info"}
{"message":"Master 8135 is running","level":"info"}
{"message":"Mon Jul 29 2019 11:21:29 GMT+0530 Forking process number 0...","level":"info"}
{"message":"Mon Jul 29 2019 11:21:29 GMT+0530 Forking process number 1...","level":"info"}
{"message":"Mon Jul 29 2019 11:21:29 GMT+0530 Forking process number 2...","level":"info"}
{"message":"Mon Jul 29 2019 11:21:29 GMT+0530 Forking process number 3...","level":"info"}
{"message":"Master 8227 is running","level":"info"}
{"message":"Mon Jul 29 2019 11:23:15 GMT+0530 Forking process number 0...","level":"info"}
{"message":"Mon Jul 29 2019 11:23:15 GMT+0530 Forking process number 1...","level":"info"}
{"message":"Mon Jul 29 2019 11:23:15 GMT+0530 Forking process number 2...","level":"info"}
{"message":"Mon Jul 29 2019 11:23:15 GMT+0530 Forking process number 3...","level":"info"}
{"message":"Master 8299 is running","level":"info"}
{"message":"Mon Jul 29 2019 11:23:24 GMT+0530 Forking process number 0...","level":"info"}
{"message":"Mon Jul 29 2019 11:23:24 GMT+0530 Forking process number 1...","level":"info"}
{"message":"Mon Jul 29 2019 11:23:24 GMT+0530 Forking process number 2...","level":"info"}
{"message":"Mon Jul 29 2019 11:23:24 GMT+0530 Forking process number 3...","level":"info"}
{"message":"Master 8400 is running","level":"info"}
{"message":"Mon Jul 29 2019 11:23:41 GMT+0530 Forking process number 0...","level":"info"}
{"message":"Mon Jul 29 2019 11:23:41 GMT+0530 Forking process number 1...","level":"info"}
{"message":"Mon Jul 29 2019 11:23:41 GMT+0530 Forking process number 2...","level":"info"}
{"message":"Mon Jul 29 2019 11:23:41 GMT+0530 Forking process number 3...","level":"info"}
{"message":"Master 8509 is running","level":"info"}
{"message":"Mon Jul 29 2019 11:23:49 GMT+0530 Forking process number 0...","level":"info"}
{"message":"Mon Jul 29 2019 11:23:49 GMT+0530 Forking process number 1...","level":"info"}
{"message":"Mon Jul 29 2019 11:23:49 GMT+0530 Forking process number 2...","level":"info"}
{"message":"Mon Jul 29 2019 11:23:49 GMT+0530 Forking process number 3...","level":"info"}
{"message":"Master 8582 is running","level":"info"}
{"message":"Mon Jul 29 2019 11:23:57 GMT+0530 Forking process number 0...","level":"info"}
{"message":"Mon Jul 29 2019 11:23:57 GMT+0530 Forking process number 1...","level":"info"}
{"message":"Mon Jul 29 2019 11:23:57 GMT+0530 Forking process number 2...","level":"info"}
{"message":"Mon Jul 29 2019 11:23:57 GMT+0530 Forking process number 3...","level":"info"}
{"message":"Master 8670 is running","level":"info"}
{"message":"Mon Jul 29 2019 11:25:53 GMT+0530 Forking process number 0...","level":"info"}
{"message":"Mon Jul 29 2019 11:25:53 GMT+0530 Forking process number 1...","level":"info"}
{"message":"Mon Jul 29 2019 11:25:53 GMT+0530 Forking process number 2...","level":"info"}
{"message":"Mon Jul 29 2019 11:25:53 GMT+0530 Forking process number 3...","level":"info"}
{"message":"Mon Jul 29 2019 11:25:55 GMT+0530  worker 8697 died","level":"info"}
{"message":"Mon Jul 29 2019 11:25:55 GMT+0530  worker 8691 died","level":"info"}
{"message":"Mon Jul 29 2019 11:25:55 GMT+0530  worker 8683 died","level":"info"}
{"message":"Mon Jul 29 2019 11:25:55 GMT+0530  worker 8689 died","level":"info"}
{"message":"Mon Jul 29 2019 11:25:57 GMT+0530  worker 8745 died","level":"info"}
{"message":"Mon Jul 29 2019 11:25:57 GMT+0530  worker 8738 died","level":"info"}
{"message":"Mon Jul 29 2019 11:25:57 GMT+0530  worker 8752 died","level":"info"}
{"message":"Mon Jul 29 2019 11:25:57 GMT+0530  worker 8759 died","level":"info"}
{"message":"Mon Jul 29 2019 11:25:58 GMT+0530  worker 8786 died","level":"info"}
{"message":"Mon Jul 29 2019 11:25:58 GMT+0530  worker 8807 died","level":"info"}
{"message":"Mon Jul 29 2019 11:25:58 GMT+0530  worker 8787 died","level":"info"}
{"message":"Mon Jul 29 2019 11:25:59 GMT+0530  worker 8800 died","level":"info"}
{"message":"Mon Jul 29 2019 11:26:00 GMT+0530  worker 8834 died","level":"info"}
{"message":"Mon Jul 29 2019 11:26:00 GMT+0530  worker 8849 died","level":"info"}
{"message":"Mon Jul 29 2019 11:26:00 GMT+0530  worker 8856 died","level":"info"}
{"message":"Mon Jul 29 2019 11:26:00 GMT+0530  worker 8842 died","level":"info"}
{"message":"Mon Jul 29 2019 11:26:02 GMT+0530  worker 8889 died","level":"info"}
{"message":"Mon Jul 29 2019 11:26:02 GMT+0530  worker 8897 died","level":"info"}
{"message":"Mon Jul 29 2019 11:26:02 GMT+0530  worker 8911 died","level":"info"}
{"message":"Master 8978 is running","level":"info"}
{"message":"Mon Jul 29 2019 11:26:03 GMT+0530 Forking process number 0...","level":"info"}
{"message":"Mon Jul 29 2019 11:26:03 GMT+0530 Forking process number 1...","level":"info"}
{"message":"Mon Jul 29 2019 11:26:03 GMT+0530 Forking process number 2...","level":"info"}
{"message":"Mon Jul 29 2019 11:26:03 GMT+0530 Forking process number 3...","level":"info"}
{"message":"Mon Jul 29 2019 11:26:05 GMT+0530  worker 8993 died","level":"info"}
{"message":"Mon Jul 29 2019 11:26:05 GMT+0530  worker 8996 died","level":"info"}
{"message":"Mon Jul 29 2019 11:26:05 GMT+0530  worker 9006 died","level":"info"}
{"message":"Mon Jul 29 2019 11:26:05 GMT+0530  worker 8994 died","level":"info"}
{"message":"Mon Jul 29 2019 11:26:06 GMT+0530  worker 9054 died","level":"info"}
{"message":"Mon Jul 29 2019 11:26:06 GMT+0530  worker 9061 died","level":"info"}
{"message":"Mon Jul 29 2019 11:26:06 GMT+0530  worker 9073 died","level":"info"}
{"message":"Mon Jul 29 2019 11:26:06 GMT+0530  worker 9045 died","level":"info"}
{"message":"Mon Jul 29 2019 11:26:07 GMT+0530  worker 9100 died","level":"info"}
{"message":"Mon Jul 29 2019 11:26:07 GMT+0530  worker 9115 died","level":"info"}
{"message":"Mon Jul 29 2019 11:26:07 GMT+0530  worker 9106 died","level":"info"}
{"message":"Mon Jul 29 2019 11:26:08 GMT+0530  worker 9114 died","level":"info"}
{"message":"Mon Jul 29 2019 11:26:09 GMT+0530  worker 9148 died","level":"info"}
{"message":"Mon Jul 29 2019 11:26:09 GMT+0530  worker 9155 died","level":"info"}
{"message":"Mon Jul 29 2019 11:26:09 GMT+0530  worker 9169 died","level":"info"}
{"message":"Mon Jul 29 2019 11:26:09 GMT+0530  worker 9156 died","level":"info"}
{"message":"Mon Jul 29 2019 11:26:10 GMT+0530  worker 9196 died","level":"info"}
{"message":"Mon Jul 29 2019 11:26:11 GMT+0530  worker 9216 died","level":"info"}
{"message":"Mon Jul 29 2019 11:26:11 GMT+0530  worker 9203 died","level":"info"}
{"message":"Mon Jul 29 2019 11:26:11 GMT+0530  worker 9209 died","level":"info"}
{"message":"Mon Jul 29 2019 11:26:12 GMT+0530  worker 9250 died","level":"info"}
{"message":"Mon Jul 29 2019 11:26:12 GMT+0530  worker 9271 died","level":"info"}
{"message":"Mon Jul 29 2019 11:26:12 GMT+0530  worker 9258 died","level":"info"}
{"message":"Mon Jul 29 2019 11:26:12 GMT+0530  worker 9264 died","level":"info"}
{"message":"Mon Jul 29 2019 11:26:14 GMT+0530  worker 9299 died","level":"info"}
{"message":"Mon Jul 29 2019 11:26:14 GMT+0530  worker 9306 died","level":"info"}
{"message":"Mon Jul 29 2019 11:26:14 GMT+0530  worker 9321 died","level":"info"}
{"message":"Master 9384 is running","level":"info"}
{"message":"Mon Jul 29 2019 11:26:15 GMT+0530 Forking process number 0...","level":"info"}
{"message":"Mon Jul 29 2019 11:26:15 GMT+0530 Forking process number 1...","level":"info"}
{"message":"Mon Jul 29 2019 11:26:15 GMT+0530 Forking process number 2...","level":"info"}
{"message":"Mon Jul 29 2019 11:26:15 GMT+0530 Forking process number 3...","level":"info"}
{"message":"Mon Jul 29 2019 11:26:17 GMT+0530  worker 9416 died","level":"info"}
{"message":"Mon Jul 29 2019 11:26:17 GMT+0530  worker 9403 died","level":"info"}
{"message":"Mon Jul 29 2019 11:26:17 GMT+0530  worker 9405 died","level":"info"}
{"message":"Mon Jul 29 2019 11:26:17 GMT+0530  worker 9410 died","level":"info"}
{"message":"Mon Jul 29 2019 11:26:18 GMT+0530  worker 9461 died","level":"info"}
{"message":"Mon Jul 29 2019 11:26:18 GMT+0530  worker 9475 died","level":"info"}
{"message":"Mon Jul 29 2019 11:26:18 GMT+0530  worker 9468 died","level":"info"}
{"message":"Mon Jul 29 2019 11:26:18 GMT+0530  worker 9482 died","level":"info"}
{"message":"Mon Jul 29 2019 11:26:19 GMT+0530  worker 9509 died","level":"info"}
{"message":"Mon Jul 29 2019 11:26:19 GMT+0530  worker 9515 died","level":"info"}
{"message":"Mon Jul 29 2019 11:26:19 GMT+0530  worker 9523 died","level":"info"}
{"message":"Mon Jul 29 2019 11:26:19 GMT+0530  worker 9530 died","level":"info"}
{"message":"Mon Jul 29 2019 11:26:21 GMT+0530  worker 9557 died","level":"info"}
{"message":"Mon Jul 29 2019 11:26:21 GMT+0530  worker 9571 died","level":"info"}
{"message":"Mon Jul 29 2019 11:26:21 GMT+0530  worker 9564 died","level":"info"}
{"message":"Mon Jul 29 2019 11:26:21 GMT+0530  worker 9578 died","level":"info"}
{"message":"Mon Jul 29 2019 11:26:22 GMT+0530  worker 9619 died","level":"info"}
{"message":"Mon Jul 29 2019 11:26:22 GMT+0530  worker 9612 died","level":"info"}
{"message":"Mon Jul 29 2019 11:26:22 GMT+0530  worker 9625 died","level":"info"}
{"message":"Mon Jul 29 2019 11:26:22 GMT+0530  worker 9633 died","level":"info"}
{"message":"Mon Jul 29 2019 11:26:23 GMT+0530  worker 9667 died","level":"info"}
{"message":"Mon Jul 29 2019 11:26:23 GMT+0530  worker 9674 died","level":"info"}
{"message":"Mon Jul 29 2019 11:26:23 GMT+0530  worker 9660 died","level":"info"}
{"message":"Mon Jul 29 2019 11:26:23 GMT+0530  worker 9681 died","level":"info"}
{"message":"Mon Jul 29 2019 11:26:25 GMT+0530  worker 9720 died","level":"info"}
{"message":"Mon Jul 29 2019 11:26:25 GMT+0530  worker 9708 died","level":"info"}
{"message":"Mon Jul 29 2019 11:26:25 GMT+0530  worker 9709 died","level":"info"}
{"message":"Mon Jul 29 2019 11:26:25 GMT+0530  worker 9729 died","level":"info"}
{"message":"Mon Jul 29 2019 11:26:26 GMT+0530  worker 9756 died","level":"info"}
{"message":"Mon Jul 29 2019 11:26:26 GMT+0530  worker 9762 died","level":"info"}
{"message":"Mon Jul 29 2019 11:26:26 GMT+0530  worker 9771 died","level":"info"}
{"message":"Mon Jul 29 2019 11:26:26 GMT+0530  worker 9778 died","level":"info"}
{"message":"Mon Jul 29 2019 11:26:27 GMT+0530  worker 9811 died","level":"info"}
{"message":"Mon Jul 29 2019 11:26:27 GMT+0530  worker 9818 died","level":"info"}
{"message":"Mon Jul 29 2019 11:26:27 GMT+0530  worker 9826 died","level":"info"}
{"message":"Mon Jul 29 2019 11:26:28 GMT+0530  worker 9833 died","level":"info"}
{"message":"Mon Jul 29 2019 11:26:29 GMT+0530  worker 9859 died","level":"info"}
{"message":"Mon Jul 29 2019 11:26:29 GMT+0530  worker 9874 died","level":"info"}
{"message":"Mon Jul 29 2019 11:26:29 GMT+0530  worker 9867 died","level":"info"}
{"message":"Mon Jul 29 2019 11:26:29 GMT+0530  worker 9881 died","level":"info"}
{"message":"Mon Jul 29 2019 11:26:30 GMT+0530  worker 9907 died","level":"info"}
{"message":"Mon Jul 29 2019 11:26:30 GMT+0530  worker 9915 died","level":"info"}
{"message":"Mon Jul 29 2019 11:26:30 GMT+0530  worker 9917 died","level":"info"}
{"message":"Mon Jul 29 2019 11:26:30 GMT+0530  worker 9933 died","level":"info"}
{"message":"Mon Jul 29 2019 11:26:31 GMT+0530  worker 9955 died","level":"info"}
{"message":"Mon Jul 29 2019 11:26:31 GMT+0530  worker 9970 died","level":"info"}
{"message":"Mon Jul 29 2019 11:26:31 GMT+0530  worker 9963 died","level":"info"}
{"message":"Mon Jul 29 2019 11:26:32 GMT+0530  worker 9977 died","level":"info"}
{"message":"Mon Jul 29 2019 11:26:33 GMT+0530  worker 10010 died","level":"info"}
{"message":"Mon Jul 29 2019 11:26:33 GMT+0530  worker 10018 died","level":"info"}
{"message":"Mon Jul 29 2019 11:26:33 GMT+0530  worker 10020 died","level":"info"}
{"message":"Mon Jul 29 2019 11:26:33 GMT+0530  worker 10032 died","level":"info"}
{"message":"Mon Jul 29 2019 11:26:34 GMT+0530  worker 10058 died","level":"info"}
{"message":"Mon Jul 29 2019 11:26:34 GMT+0530  worker 10065 died","level":"info"}
{"message":"Mon Jul 29 2019 11:26:34 GMT+0530  worker 10073 died","level":"info"}
{"message":"Mon Jul 29 2019 11:26:34 GMT+0530  worker 10080 died","level":"info"}
{"message":"Mon Jul 29 2019 11:26:35 GMT+0530  worker 10107 died","level":"info"}
{"message":"Mon Jul 29 2019 11:26:35 GMT+0530  worker 10106 died","level":"info"}
{"message":"Mon Jul 29 2019 11:26:35 GMT+0530  worker 10120 died","level":"info"}
{"message":"Mon Jul 29 2019 11:26:36 GMT+0530  worker 10128 died","level":"info"}
{"message":"Mon Jul 29 2019 11:26:37 GMT+0530  worker 10155 died","level":"info"}
{"message":"Mon Jul 29 2019 11:26:37 GMT+0530  worker 10162 died","level":"info"}
{"message":"Mon Jul 29 2019 11:26:37 GMT+0530  worker 10169 died","level":"info"}
{"message":"Mon Jul 29 2019 11:26:37 GMT+0530  worker 10176 died","level":"info"}
{"message":"Mon Jul 29 2019 11:26:38 GMT+0530  worker 10209 died","level":"info"}
{"message":"Mon Jul 29 2019 11:26:38 GMT+0530  worker 10217 died","level":"info"}
{"message":"Mon Jul 29 2019 11:26:38 GMT+0530  worker 10224 died","level":"info"}
{"message":"Mon Jul 29 2019 11:26:38 GMT+0530  worker 10231 died","level":"info"}
{"message":"Mon Jul 29 2019 11:26:39 GMT+0530  worker 10258 died","level":"info"}
{"message":"Mon Jul 29 2019 11:26:39 GMT+0530  worker 10264 died","level":"info"}
{"message":"Mon Jul 29 2019 11:26:39 GMT+0530  worker 10272 died","level":"info"}
{"message":"Mon Jul 29 2019 11:26:40 GMT+0530  worker 10279 died","level":"info"}
{"message":"Mon Jul 29 2019 11:26:41 GMT+0530  worker 10306 died","level":"info"}
{"message":"Mon Jul 29 2019 11:26:41 GMT+0530  worker 10313 died","level":"info"}
{"message":"Mon Jul 29 2019 11:26:41 GMT+0530  worker 10320 died","level":"info"}
{"message":"Mon Jul 29 2019 11:26:41 GMT+0530  worker 10327 died","level":"info"}
{"message":"Mon Jul 29 2019 11:26:42 GMT+0530  worker 10353 died","level":"info"}
{"message":"Mon Jul 29 2019 11:26:42 GMT+0530  worker 10360 died","level":"info"}
{"message":"Mon Jul 29 2019 11:26:42 GMT+0530  worker 10375 died","level":"info"}
{"message":"Mon Jul 29 2019 11:26:42 GMT+0530  worker 10382 died","level":"info"}
{"message":"Mon Jul 29 2019 11:26:43 GMT+0530  worker 10408 died","level":"info"}
{"message":"Mon Jul 29 2019 11:26:43 GMT+0530  worker 10415 died","level":"info"}
{"message":"Mon Jul 29 2019 11:26:44 GMT+0530  worker 10423 died","level":"info"}
{"message":"Mon Jul 29 2019 11:26:44 GMT+0530  worker 10430 died","level":"info"}
{"message":"Mon Jul 29 2019 11:26:45 GMT+0530  worker 10456 died","level":"info"}
{"message":"Mon Jul 29 2019 11:26:45 GMT+0530  worker 10457 died","level":"info"}
{"message":"Mon Jul 29 2019 11:26:45 GMT+0530  worker 10478 died","level":"info"}
{"message":"Mon Jul 29 2019 11:26:45 GMT+0530  worker 10471 died","level":"info"}
{"message":"Mon Jul 29 2019 11:26:46 GMT+0530  worker 10513 died","level":"info"}
{"message":"Mon Jul 29 2019 11:26:46 GMT+0530  worker 10506 died","level":"info"}
{"message":"Mon Jul 29 2019 11:26:46 GMT+0530  worker 10520 died","level":"info"}
{"message":"Mon Jul 29 2019 11:26:46 GMT+0530  worker 10527 died","level":"info"}
{"message":"Mon Jul 29 2019 11:26:48 GMT+0530  worker 10568 died","level":"info"}
{"message":"Mon Jul 29 2019 11:26:48 GMT+0530  worker 10561 died","level":"info"}
{"message":"Mon Jul 29 2019 11:26:48 GMT+0530  worker 10575 died","level":"info"}
{"message":"Mon Jul 29 2019 11:26:48 GMT+0530  worker 10582 died","level":"info"}
{"message":"Mon Jul 29 2019 11:26:49 GMT+0530  worker 10609 died","level":"info"}
{"message":"Mon Jul 29 2019 11:26:49 GMT+0530  worker 10624 died","level":"info"}
{"message":"Mon Jul 29 2019 11:26:49 GMT+0530  worker 10616 died","level":"info"}
{"message":"Mon Jul 29 2019 11:26:49 GMT+0530  worker 10623 died","level":"info"}
{"message":"Mon Jul 29 2019 11:26:50 GMT+0530  worker 10657 died","level":"info"}
{"message":"Mon Jul 29 2019 11:26:50 GMT+0530  worker 10665 died","level":"info"}
{"message":"Mon Jul 29 2019 11:26:50 GMT+0530  worker 10664 died","level":"info"}
{"message":"Mon Jul 29 2019 11:26:50 GMT+0530  worker 10678 died","level":"info"}
{"message":"Mon Jul 29 2019 11:26:51 GMT+0530  worker 10705 died","level":"info"}
{"message":"Mon Jul 29 2019 11:26:52 GMT+0530  worker 10712 died","level":"info"}
{"message":"Mon Jul 29 2019 11:26:52 GMT+0530  worker 10726 died","level":"info"}
{"message":"Mon Jul 29 2019 11:26:52 GMT+0530  worker 10714 died","level":"info"}
{"message":"Mon Jul 29 2019 11:26:53 GMT+0530  worker 10758 died","level":"info"}
{"message":"Mon Jul 29 2019 11:26:53 GMT+0530  worker 10767 died","level":"info"}
{"message":"Mon Jul 29 2019 11:26:53 GMT+0530  worker 10774 died","level":"info"}
{"message":"Mon Jul 29 2019 11:26:53 GMT+0530  worker 10781 died","level":"info"}
{"message":"Mon Jul 29 2019 11:26:54 GMT+0530  worker 10806 died","level":"info"}
{"message":"Mon Jul 29 2019 11:26:54 GMT+0530  worker 10814 died","level":"info"}
{"message":"Mon Jul 29 2019 11:26:54 GMT+0530  worker 10826 died","level":"info"}
{"message":"Mon Jul 29 2019 11:26:54 GMT+0530  worker 10833 died","level":"info"}
{"message":"Mon Jul 29 2019 11:26:55 GMT+0530  worker 10854 died","level":"info"}
{"message":"Mon Jul 29 2019 11:26:56 GMT+0530  worker 10862 died","level":"info"}
{"message":"Mon Jul 29 2019 11:26:56 GMT+0530  worker 10881 died","level":"info"}
{"message":"Mon Jul 29 2019 11:26:56 GMT+0530  worker 10870 died","level":"info"}
{"message":"Mon Jul 29 2019 11:26:57 GMT+0530  worker 10902 died","level":"info"}
{"message":"Mon Jul 29 2019 11:26:57 GMT+0530  worker 10911 died","level":"info"}
{"message":"Mon Jul 29 2019 11:26:57 GMT+0530  worker 10929 died","level":"info"}
{"message":"Mon Jul 29 2019 11:26:57 GMT+0530  worker 10918 died","level":"info"}
{"message":"Mon Jul 29 2019 11:26:58 GMT+0530  worker 10957 died","level":"info"}
{"message":"Mon Jul 29 2019 11:26:58 GMT+0530  worker 10966 died","level":"info"}
{"message":"Mon Jul 29 2019 11:26:58 GMT+0530  worker 10980 died","level":"info"}
{"message":"Mon Jul 29 2019 11:26:58 GMT+0530  worker 10973 died","level":"info"}
{"message":"Mon Jul 29 2019 11:27:00 GMT+0530  worker 11005 died","level":"info"}
{"message":"Mon Jul 29 2019 11:27:00 GMT+0530  worker 11014 died","level":"info"}
{"message":"Mon Jul 29 2019 11:27:00 GMT+0530  worker 11021 died","level":"info"}
{"message":"Mon Jul 29 2019 11:27:00 GMT+0530  worker 11022 died","level":"info"}
{"message":"Mon Jul 29 2019 11:27:01 GMT+0530  worker 11053 died","level":"info"}
{"message":"Mon Jul 29 2019 11:27:01 GMT+0530  worker 11062 died","level":"info"}
{"message":"Mon Jul 29 2019 11:27:01 GMT+0530  worker 11069 died","level":"info"}
{"message":"Mon Jul 29 2019 11:27:01 GMT+0530  worker 11070 died","level":"info"}
{"message":"Mon Jul 29 2019 11:27:02 GMT+0530  worker 11101 died","level":"info"}
{"message":"Mon Jul 29 2019 11:27:02 GMT+0530  worker 11110 died","level":"info"}
{"message":"Mon Jul 29 2019 11:27:02 GMT+0530  worker 11117 died","level":"info"}
{"message":"Mon Jul 29 2019 11:27:03 GMT+0530  worker 11124 died","level":"info"}
{"message":"Mon Jul 29 2019 11:27:04 GMT+0530  worker 11157 died","level":"info"}
{"message":"Mon Jul 29 2019 11:27:04 GMT+0530  worker 11165 died","level":"info"}
{"message":"Mon Jul 29 2019 11:27:04 GMT+0530  worker 11172 died","level":"info"}
{"message":"Mon Jul 29 2019 11:27:04 GMT+0530  worker 11179 died","level":"info"}
{"message":"Mon Jul 29 2019 11:27:05 GMT+0530  worker 11204 died","level":"info"}
{"message":"Mon Jul 29 2019 11:27:05 GMT+0530  worker 11212 died","level":"info"}
{"message":"Mon Jul 29 2019 11:27:05 GMT+0530  worker 11220 died","level":"info"}
{"message":"Mon Jul 29 2019 11:27:05 GMT+0530  worker 11227 died","level":"info"}
{"message":"Mon Jul 29 2019 11:27:06 GMT+0530  worker 11254 died","level":"info"}
{"message":"Mon Jul 29 2019 11:27:06 GMT+0530  worker 11253 died","level":"info"}
{"message":"Mon Jul 29 2019 11:27:06 GMT+0530  worker 11268 died","level":"info"}
{"message":"Mon Jul 29 2019 11:27:07 GMT+0530  worker 11275 died","level":"info"}
{"message":"Mon Jul 29 2019 11:27:08 GMT+0530  worker 11302 died","level":"info"}
{"message":"Mon Jul 29 2019 11:27:08 GMT+0530  worker 11301 died","level":"info"}
{"message":"Mon Jul 29 2019 11:27:08 GMT+0530  worker 11323 died","level":"info"}
{"message":"Mon Jul 29 2019 11:27:08 GMT+0530  worker 11330 died","level":"info"}
{"message":"Mon Jul 29 2019 11:27:09 GMT+0530  worker 11356 died","level":"info"}
{"message":"Mon Jul 29 2019 11:27:09 GMT+0530  worker 11364 died","level":"info"}
{"message":"Mon Jul 29 2019 11:27:09 GMT+0530  worker 11371 died","level":"info"}
{"message":"Mon Jul 29 2019 11:27:09 GMT+0530  worker 11378 died","level":"info"}
{"message":"Mon Jul 29 2019 11:27:10 GMT+0530  worker 11410 died","level":"info"}
{"message":"Mon Jul 29 2019 11:27:10 GMT+0530  worker 11404 died","level":"info"}
{"message":"Mon Jul 29 2019 11:27:11 GMT+0530  worker 11419 died","level":"info"}
{"message":"Mon Jul 29 2019 11:27:11 GMT+0530  worker 11426 died","level":"info"}
{"message":"Mon Jul 29 2019 11:27:12 GMT+0530  worker 11458 died","level":"info"}
{"message":"Mon Jul 29 2019 11:27:12 GMT+0530  worker 11452 died","level":"info"}
{"message":"Mon Jul 29 2019 11:27:12 GMT+0530  worker 11467 died","level":"info"}
{"message":"Mon Jul 29 2019 11:27:12 GMT+0530  worker 11474 died","level":"info"}
{"message":"Mon Jul 29 2019 11:27:13 GMT+0530  worker 11506 died","level":"info"}
{"message":"Mon Jul 29 2019 11:27:13 GMT+0530  worker 11514 died","level":"info"}
{"message":"Mon Jul 29 2019 11:27:13 GMT+0530  worker 11522 died","level":"info"}
{"message":"Mon Jul 29 2019 11:27:13 GMT+0530  worker 11533 died","level":"info"}
{"message":"Mon Jul 29 2019 11:27:14 GMT+0530  worker 11554 died","level":"info"}
{"message":"Mon Jul 29 2019 11:27:15 GMT+0530  worker 11562 died","level":"info"}
{"message":"Mon Jul 29 2019 11:27:15 GMT+0530  worker 11570 died","level":"info"}
{"message":"Mon Jul 29 2019 11:27:15 GMT+0530  worker 11581 died","level":"info"}
{"message":"Mon Jul 29 2019 11:27:16 GMT+0530  worker 11601 died","level":"info"}
{"message":"Mon Jul 29 2019 11:27:16 GMT+0530  worker 11611 died","level":"info"}
{"message":"Mon Jul 29 2019 11:27:16 GMT+0530  worker 11622 died","level":"info"}
{"message":"Mon Jul 29 2019 11:27:16 GMT+0530  worker 11629 died","level":"info"}
{"message":"Mon Jul 29 2019 11:27:17 GMT+0530  worker 11649 died","level":"info"}
{"message":"Mon Jul 29 2019 11:27:17 GMT+0530  worker 11658 died","level":"info"}
{"message":"Mon Jul 29 2019 11:27:17 GMT+0530  worker 11670 died","level":"info"}
{"message":"Mon Jul 29 2019 11:27:18 GMT+0530  worker 11677 died","level":"info"}
{"message":"Mon Jul 29 2019 11:27:18 GMT+0530  worker 11704 died","level":"info"}
{"message":"Mon Jul 29 2019 11:27:19 GMT+0530  worker 11715 died","level":"info"}
{"message":"Mon Jul 29 2019 11:27:19 GMT+0530  worker 11714 died","level":"info"}
{"message":"Mon Jul 29 2019 11:27:19 GMT+0530  worker 11732 died","level":"info"}
{"message":"Mon Jul 29 2019 11:27:20 GMT+0530  worker 11752 died","level":"info"}
{"message":"Mon Jul 29 2019 11:27:20 GMT+0530  worker 11773 died","level":"info"}
{"message":"Mon Jul 29 2019 11:27:20 GMT+0530  worker 11762 died","level":"info"}
{"message":"Mon Jul 29 2019 11:27:20 GMT+0530  worker 11780 died","level":"info"}
{"message":"Mon Jul 29 2019 11:27:21 GMT+0530  worker 11800 died","level":"info"}
{"message":"Mon Jul 29 2019 11:27:21 GMT+0530  worker 11814 died","level":"info"}
{"message":"Mon Jul 29 2019 11:27:21 GMT+0530  worker 11815 died","level":"info"}
{"message":"Mon Jul 29 2019 11:27:22 GMT+0530  worker 11828 died","level":"info"}
{"message":"Mon Jul 29 2019 11:27:22 GMT+0530  worker 11849 died","level":"info"}
{"message":"Mon Jul 29 2019 11:27:23 GMT+0530  worker 11865 died","level":"info"}
{"message":"Mon Jul 29 2019 11:27:23 GMT+0530  worker 11859 died","level":"info"}
{"message":"Mon Jul 29 2019 11:27:23 GMT+0530  worker 11877 died","level":"info"}
{"message":"Mon Jul 29 2019 11:27:24 GMT+0530  worker 11897 died","level":"info"}
{"message":"Mon Jul 29 2019 11:27:24 GMT+0530  worker 11906 died","level":"info"}
{"message":"Mon Jul 29 2019 11:27:24 GMT+0530  worker 11913 died","level":"info"}
{"message":"Mon Jul 29 2019 11:27:24 GMT+0530  worker 11925 died","level":"info"}
{"message":"Mon Jul 29 2019 11:27:25 GMT+0530  worker 11945 died","level":"info"}
{"message":"Mon Jul 29 2019 11:27:25 GMT+0530  worker 11954 died","level":"info"}
{"message":"Mon Jul 29 2019 11:27:25 GMT+0530  worker 11961 died","level":"info"}
{"message":"Mon Jul 29 2019 11:27:26 GMT+0530  worker 11977 died","level":"info"}
{"message":"Mon Jul 29 2019 11:27:26 GMT+0530  worker 11993 died","level":"info"}
{"message":"Mon Jul 29 2019 11:27:27 GMT+0530  worker 12007 died","level":"info"}
{"message":"Mon Jul 29 2019 11:27:27 GMT+0530  worker 12013 died","level":"info"}
{"message":"Mon Jul 29 2019 11:27:27 GMT+0530  worker 12021 died","level":"info"}
{"message":"Mon Jul 29 2019 11:27:28 GMT+0530  worker 12041 died","level":"info"}
{"message":"Mon Jul 29 2019 11:27:28 GMT+0530  worker 12062 died","level":"info"}
{"message":"Mon Jul 29 2019 11:27:28 GMT+0530  worker 12055 died","level":"info"}
{"message":"Mon Jul 29 2019 11:27:28 GMT+0530  worker 12069 died","level":"info"}
{"message":"Mon Jul 29 2019 11:27:29 GMT+0530  worker 12089 died","level":"info"}
{"message":"Mon Jul 29 2019 11:27:29 GMT+0530  worker 12103 died","level":"info"}
{"message":"Mon Jul 29 2019 11:27:29 GMT+0530  worker 12110 died","level":"info"}
{"message":"Mon Jul 29 2019 11:27:30 GMT+0530  worker 12117 died","level":"info"}
{"message":"Mon Jul 29 2019 11:27:30 GMT+0530  worker 12137 died","level":"info"}
{"message":"Mon Jul 29 2019 11:27:31 GMT+0530  worker 12151 died","level":"info"}
{"message":"Mon Jul 29 2019 11:27:31 GMT+0530  worker 12158 died","level":"info"}
{"message":"Mon Jul 29 2019 11:27:31 GMT+0530  worker 12165 died","level":"info"}
{"message":"Mon Jul 29 2019 11:27:32 GMT+0530  worker 12185 died","level":"info"}
{"message":"Mon Jul 29 2019 11:27:32 GMT+0530  worker 12198 died","level":"info"}
{"message":"Mon Jul 29 2019 11:27:32 GMT+0530  worker 12206 died","level":"info"}
{"message":"Mon Jul 29 2019 11:27:32 GMT+0530  worker 12213 died","level":"info"}
{"message":"Mon Jul 29 2019 11:27:33 GMT+0530  worker 12233 died","level":"info"}
{"message":"Mon Jul 29 2019 11:27:33 GMT+0530  worker 12252 died","level":"info"}
{"message":"Mon Jul 29 2019 11:27:33 GMT+0530  worker 12246 died","level":"info"}
{"message":"Mon Jul 29 2019 11:27:34 GMT+0530  worker 12261 died","level":"info"}
{"message":"Mon Jul 29 2019 11:27:34 GMT+0530  worker 12281 died","level":"info"}
{"message":"Mon Jul 29 2019 11:27:35 GMT+0530  worker 12294 died","level":"info"}
{"message":"Mon Jul 29 2019 11:27:35 GMT+0530  worker 12300 died","level":"info"}
{"message":"Mon Jul 29 2019 11:27:35 GMT+0530  worker 12309 died","level":"info"}
{"message":"Mon Jul 29 2019 11:27:36 GMT+0530  worker 12330 died","level":"info"}
{"message":"Mon Jul 29 2019 11:27:36 GMT+0530  worker 12339 died","level":"info"}
{"message":"Mon Jul 29 2019 11:27:36 GMT+0530  worker 12351 died","level":"info"}
{"message":"Mon Jul 29 2019 11:27:37 GMT+0530  worker 12358 died","level":"info"}
{"message":"Mon Jul 29 2019 11:27:37 GMT+0530  worker 12378 died","level":"info"}
{"message":"Mon Jul 29 2019 11:27:38 GMT+0530  worker 12387 died","level":"info"}
{"message":"Mon Jul 29 2019 11:27:38 GMT+0530  worker 12394 died","level":"info"}
{"message":"Mon Jul 29 2019 11:27:38 GMT+0530  worker 12410 died","level":"info"}
{"message":"Mon Jul 29 2019 11:27:39 GMT+0530  worker 12426 died","level":"info"}
{"message":"Mon Jul 29 2019 11:27:40 GMT+0530  worker 12435 died","level":"info"}
{"message":"Mon Jul 29 2019 11:27:40 GMT+0530  worker 12442 died","level":"info"}
{"message":"Mon Jul 29 2019 11:27:40 GMT+0530  worker 12458 died","level":"info"}
{"message":"Mon Jul 29 2019 11:27:41 GMT+0530  worker 12474 died","level":"info"}
{"message":"Mon Jul 29 2019 11:27:41 GMT+0530  worker 12490 died","level":"info"}
{"message":"Mon Jul 29 2019 11:27:41 GMT+0530  worker 12497 died","level":"info"}
{"message":"Mon Jul 29 2019 11:27:41 GMT+0530  worker 12504 died","level":"info"}
{"message":"Mon Jul 29 2019 11:27:42 GMT+0530  worker 12524 died","level":"info"}
{"message":"Mon Jul 29 2019 11:27:43 GMT+0530  worker 12545 died","level":"info"}
{"message":"Mon Jul 29 2019 11:27:43 GMT+0530  worker 12552 died","level":"info"}
{"message":"Mon Jul 29 2019 11:27:43 GMT+0530  worker 12538 died","level":"info"}
{"message":"Mon Jul 29 2019 11:27:43 GMT+0530  worker 12573 died","level":"info"}
{"message":"Mon Jul 29 2019 11:27:44 GMT+0530  worker 12588 died","level":"info"}
{"message":"Mon Jul 29 2019 11:27:44 GMT+0530  worker 12595 died","level":"info"}
{"message":"Mon Jul 29 2019 11:27:44 GMT+0530  worker 12602 died","level":"info"}
{"message":"Mon Jul 29 2019 11:27:45 GMT+0530  worker 12622 died","level":"info"}
{"message":"Mon Jul 29 2019 11:27:45 GMT+0530  worker 12636 died","level":"info"}
{"message":"Mon Jul 29 2019 11:27:45 GMT+0530  worker 12650 died","level":"info"}
{"message":"Mon Jul 29 2019 11:27:45 GMT+0530  worker 12643 died","level":"info"}
{"message":"Mon Jul 29 2019 11:27:46 GMT+0530  worker 12670 died","level":"info"}
{"message":"Mon Jul 29 2019 11:27:47 GMT+0530  worker 12684 died","level":"info"}
{"message":"Mon Jul 29 2019 11:27:47 GMT+0530  worker 12691 died","level":"info"}
{"message":"Mon Jul 29 2019 11:27:47 GMT+0530  worker 12698 died","level":"info"}
{"message":"Mon Jul 29 2019 11:27:47 GMT+0530  worker 12718 died","level":"info"}
{"message":"Mon Jul 29 2019 11:27:48 GMT+0530  worker 12745 died","level":"info"}
{"message":"Mon Jul 29 2019 11:27:48 GMT+0530  worker 12732 died","level":"info"}
{"message":"Mon Jul 29 2019 11:27:48 GMT+0530  worker 12739 died","level":"info"}
{"message":"Mon Jul 29 2019 11:27:49 GMT+0530  worker 12766 died","level":"info"}
{"message":"Mon Jul 29 2019 11:27:50 GMT+0530  worker 12780 died","level":"info"}
{"message":"Mon Jul 29 2019 11:27:50 GMT+0530  worker 12794 died","level":"info"}
{"message":"Mon Jul 29 2019 11:27:50 GMT+0530  worker 12786 died","level":"info"}
{"message":"Mon Jul 29 2019 11:27:50 GMT+0530  worker 12814 died","level":"info"}
{"message":"Mon Jul 29 2019 11:27:51 GMT+0530  worker 12828 died","level":"info"}
{"message":"Mon Jul 29 2019 11:27:51 GMT+0530  worker 12835 died","level":"info"}
{"message":"Mon Jul 29 2019 11:27:51 GMT+0530  worker 12842 died","level":"info"}
{"message":"Mon Jul 29 2019 11:27:51 GMT+0530  worker 12862 died","level":"info"}
{"message":"Mon Jul 29 2019 11:27:52 GMT+0530  worker 12890 died","level":"info"}
{"message":"Mon Jul 29 2019 11:27:52 GMT+0530  worker 12876 died","level":"info"}
{"message":"Mon Jul 29 2019 11:27:52 GMT+0530  worker 12883 died","level":"info"}
{"message":"Mon Jul 29 2019 11:27:53 GMT+0530  worker 12910 died","level":"info"}
{"message":"Mon Jul 29 2019 11:27:53 GMT+0530  worker 12924 died","level":"info"}
{"message":"Mon Jul 29 2019 11:27:54 GMT+0530  worker 12925 died","level":"info"}
{"message":"Mon Jul 29 2019 11:27:54 GMT+0530  worker 12931 died","level":"info"}
{"message":"Mon Jul 29 2019 11:27:54 GMT+0530  worker 12959 died","level":"info"}
{"message":"Mon Jul 29 2019 11:27:55 GMT+0530  worker 12980 died","level":"info"}
{"message":"Mon Jul 29 2019 11:27:55 GMT+0530  worker 12973 died","level":"info"}
{"message":"Mon Jul 29 2019 11:27:55 GMT+0530  worker 12987 died","level":"info"}
{"message":"Mon Jul 29 2019 11:27:55 GMT+0530  worker 13007 died","level":"info"}
{"message":"Mon Jul 29 2019 11:27:56 GMT+0530  worker 13021 died","level":"info"}
{"message":"Mon Jul 29 2019 11:27:56 GMT+0530  worker 13028 died","level":"info"}
{"message":"Mon Jul 29 2019 11:27:56 GMT+0530  worker 13035 died","level":"info"}
{"message":"Mon Jul 29 2019 11:27:57 GMT+0530  worker 13055 died","level":"info"}
{"message":"Mon Jul 29 2019 11:27:57 GMT+0530  worker 13069 died","level":"info"}
{"message":"Mon Jul 29 2019 11:27:58 GMT+0530  worker 13076 died","level":"info"}
{"message":"Mon Jul 29 2019 11:27:58 GMT+0530  worker 13083 died","level":"info"}
{"message":"Mon Jul 29 2019 11:27:58 GMT+0530  worker 13103 died","level":"info"}
{"message":"Mon Jul 29 2019 11:27:59 GMT+0530  worker 13118 died","level":"info"}
{"message":"Mon Jul 29 2019 11:27:59 GMT+0530  worker 13125 died","level":"info"}
{"message":"Mon Jul 29 2019 11:27:59 GMT+0530  worker 13127 died","level":"info"}
{"message":"Mon Jul 29 2019 11:27:59 GMT+0530  worker 13152 died","level":"info"}
{"message":"Mon Jul 29 2019 11:28:00 GMT+0530  worker 13170 died","level":"info"}
{"message":"Mon Jul 29 2019 11:28:00 GMT+0530  worker 13177 died","level":"info"}
{"message":"Mon Jul 29 2019 11:28:00 GMT+0530  worker 13184 died","level":"info"}
{"message":"Mon Jul 29 2019 11:28:01 GMT+0530  worker 13204 died","level":"info"}
{"message":"Mon Jul 29 2019 11:28:01 GMT+0530  worker 13218 died","level":"info"}
{"message":"Mon Jul 29 2019 11:28:02 GMT+0530  worker 13225 died","level":"info"}
{"message":"Mon Jul 29 2019 11:28:02 GMT+0530  worker 13232 died","level":"info"}
{"message":"Mon Jul 29 2019 11:28:02 GMT+0530  worker 13252 died","level":"info"}
{"message":"Mon Jul 29 2019 11:28:03 GMT+0530  worker 13281 died","level":"info"}
{"message":"Mon Jul 29 2019 11:28:03 GMT+0530  worker 13288 died","level":"info"}
{"message":"Mon Jul 29 2019 11:28:03 GMT+0530  worker 13295 died","level":"info"}
{"message":"Mon Jul 29 2019 11:28:04 GMT+0530  worker 13315 died","level":"info"}
{"message":"Mon Jul 29 2019 11:28:04 GMT+0530  worker 13329 died","level":"info"}
{"message":"Mon Jul 29 2019 11:28:04 GMT+0530  worker 13336 died","level":"info"}
{"message":"Mon Jul 29 2019 11:28:04 GMT+0530  worker 13343 died","level":"info"}
{"message":"Mon Jul 29 2019 11:28:05 GMT+0530  worker 13364 died","level":"info"}
{"message":"Mon Jul 29 2019 11:28:05 GMT+0530  worker 13378 died","level":"info"}
{"message":"Mon Jul 29 2019 11:28:06 GMT+0530  worker 13386 died","level":"info"}
{"message":"Mon Jul 29 2019 11:28:06 GMT+0530  worker 13393 died","level":"info"}
{"message":"Mon Jul 29 2019 11:28:06 GMT+0530  worker 13413 died","level":"info"}
{"message":"Mon Jul 29 2019 11:28:07 GMT+0530  worker 13427 died","level":"info"}
{"message":"Mon Jul 29 2019 11:28:07 GMT+0530  worker 13434 died","level":"info"}
{"message":"Mon Jul 29 2019 11:28:07 GMT+0530  worker 13441 died","level":"info"}
{"message":"Mon Jul 29 2019 11:28:08 GMT+0530  worker 13461 died","level":"info"}
{"message":"Mon Jul 29 2019 11:28:08 GMT+0530  worker 13475 died","level":"info"}
{"message":"Mon Jul 29 2019 11:28:08 GMT+0530  worker 13482 died","level":"info"}
{"message":"Mon Jul 29 2019 11:28:08 GMT+0530  worker 13489 died","level":"info"}
{"message":"Mon Jul 29 2019 11:28:09 GMT+0530  worker 13509 died","level":"info"}
{"message":"Mon Jul 29 2019 11:28:09 GMT+0530  worker 13522 died","level":"info"}
{"message":"Mon Jul 29 2019 11:28:09 GMT+0530  worker 13530 died","level":"info"}
{"message":"Mon Jul 29 2019 11:28:10 GMT+0530  worker 13537 died","level":"info"}
{"message":"Mon Jul 29 2019 11:28:10 GMT+0530  worker 13557 died","level":"info"}
{"message":"Mon Jul 29 2019 11:28:11 GMT+0530  worker 13571 died","level":"info"}
{"message":"Mon Jul 29 2019 11:28:11 GMT+0530  worker 13579 died","level":"info"}
{"message":"Mon Jul 29 2019 11:28:11 GMT+0530  worker 13586 died","level":"info"}
{"message":"Mon Jul 29 2019 11:28:12 GMT+0530  worker 13606 died","level":"info"}
{"message":"Mon Jul 29 2019 11:28:12 GMT+0530  worker 13619 died","level":"info"}
{"message":"Mon Jul 29 2019 11:28:12 GMT+0530  worker 13626 died","level":"info"}
{"message":"Mon Jul 29 2019 11:28:12 GMT+0530  worker 13638 died","level":"info"}
{"message":"Mon Jul 29 2019 11:28:13 GMT+0530  worker 13654 died","level":"info"}
{"message":"Mon Jul 29 2019 11:28:13 GMT+0530  worker 13674 died","level":"info"}
{"message":"Mon Jul 29 2019 11:28:13 GMT+0530  worker 13667 died","level":"info"}
{"message":"Mon Jul 29 2019 11:28:14 GMT+0530  worker 13686 died","level":"info"}
{"message":"Mon Jul 29 2019 11:28:14 GMT+0530  worker 13702 died","level":"info"}
{"message":"Mon Jul 29 2019 11:28:15 GMT+0530  worker 13715 died","level":"info"}
{"message":"Mon Jul 29 2019 11:28:15 GMT+0530  worker 13722 died","level":"info"}
{"message":"Mon Jul 29 2019 11:28:15 GMT+0530  worker 13734 died","level":"info"}
{"message":"Mon Jul 29 2019 11:28:15 GMT+0530  worker 13750 died","level":"info"}
{"message":"Mon Jul 29 2019 11:28:16 GMT+0530  worker 13763 died","level":"info"}
{"message":"Mon Jul 29 2019 11:28:16 GMT+0530  worker 13770 died","level":"info"}
{"message":"Mon Jul 29 2019 11:28:16 GMT+0530  worker 13782 died","level":"info"}
{"message":"Mon Jul 29 2019 11:28:17 GMT+0530  worker 13798 died","level":"info"}
{"message":"Mon Jul 29 2019 11:28:17 GMT+0530  worker 13811 died","level":"info"}
{"message":"Mon Jul 29 2019 11:28:17 GMT+0530  worker 13818 died","level":"info"}
{"message":"Mon Jul 29 2019 11:28:18 GMT+0530  worker 13830 died","level":"info"}
{"message":"Mon Jul 29 2019 11:28:18 GMT+0530  worker 13846 died","level":"info"}
{"message":"Mon Jul 29 2019 11:28:19 GMT+0530  worker 13859 died","level":"info"}
{"message":"Mon Jul 29 2019 11:28:19 GMT+0530  worker 13866 died","level":"info"}
{"message":"Mon Jul 29 2019 11:28:19 GMT+0530  worker 13882 died","level":"info"}
{"message":"Mon Jul 29 2019 11:28:19 GMT+0530  worker 13890 died","level":"info"}
{"message":"Mon Jul 29 2019 11:28:20 GMT+0530  worker 13907 died","level":"info"}
{"message":"Mon Jul 29 2019 11:28:20 GMT+0530  worker 13914 died","level":"info"}
{"message":"Mon Jul 29 2019 11:28:20 GMT+0530  worker 13930 died","level":"info"}
{"message":"Mon Jul 29 2019 11:28:21 GMT+0530  worker 13942 died","level":"info"}
{"message":"Mon Jul 29 2019 11:28:21 GMT+0530  worker 13955 died","level":"info"}
{"message":"Mon Jul 29 2019 11:28:21 GMT+0530  worker 13962 died","level":"info"}
{"message":"Mon Jul 29 2019 11:28:22 GMT+0530  worker 13974 died","level":"info"}
{"message":"Mon Jul 29 2019 11:28:22 GMT+0530  worker 13990 died","level":"info"}
{"message":"Mon Jul 29 2019 11:28:23 GMT+0530  worker 14003 died","level":"info"}
{"message":"Mon Jul 29 2019 11:28:23 GMT+0530  worker 14010 died","level":"info"}
{"message":"Mon Jul 29 2019 11:28:23 GMT+0530  worker 14027 died","level":"info"}
{"message":"Mon Jul 29 2019 11:28:23 GMT+0530  worker 14034 died","level":"info"}
{"message":"Mon Jul 29 2019 11:28:24 GMT+0530  worker 14051 died","level":"info"}
{"message":"Mon Jul 29 2019 11:28:24 GMT+0530  worker 14058 died","level":"info"}
{"message":"Mon Jul 29 2019 11:28:24 GMT+0530  worker 14075 died","level":"info"}
{"message":"Mon Jul 29 2019 11:28:25 GMT+0530  worker 14082 died","level":"info"}
{"message":"Mon Jul 29 2019 11:28:25 GMT+0530  worker 14099 died","level":"info"}
{"message":"Mon Jul 29 2019 11:28:25 GMT+0530  worker 14106 died","level":"info"}
{"message":"Mon Jul 29 2019 11:28:26 GMT+0530  worker 14123 died","level":"info"}
{"message":"Mon Jul 29 2019 11:28:26 GMT+0530  worker 14130 died","level":"info"}
{"message":"Mon Jul 29 2019 11:28:26 GMT+0530  worker 14147 died","level":"info"}
{"message":"Mon Jul 29 2019 11:28:27 GMT+0530  worker 14154 died","level":"info"}
{"message":"Mon Jul 29 2019 11:28:27 GMT+0530  worker 14171 died","level":"info"}
{"message":"Mon Jul 29 2019 11:28:27 GMT+0530  worker 14178 died","level":"info"}
{"message":"Mon Jul 29 2019 11:28:28 GMT+0530  worker 14195 died","level":"info"}
{"message":"Mon Jul 29 2019 11:28:28 GMT+0530  worker 14202 died","level":"info"}
{"message":"Mon Jul 29 2019 11:28:28 GMT+0530  worker 14218 died","level":"info"}
{"message":"Mon Jul 29 2019 11:28:29 GMT+0530  worker 14230 died","level":"info"}
{"message":"Mon Jul 29 2019 11:28:29 GMT+0530  worker 14243 died","level":"info"}
{"message":"Mon Jul 29 2019 11:28:29 GMT+0530  worker 14250 died","level":"info"}
{"message":"Mon Jul 29 2019 11:28:30 GMT+0530  worker 14266 died","level":"info"}
{"message":"Mon Jul 29 2019 11:28:30 GMT+0530  worker 14274 died","level":"info"}
{"message":"Mon Jul 29 2019 11:28:31 GMT+0530  worker 14291 died","level":"info"}
{"message":"Mon Jul 29 2019 11:28:31 GMT+0530  worker 14298 died","level":"info"}
{"message":"Mon Jul 29 2019 11:28:31 GMT+0530  worker 14314 died","level":"info"}
{"message":"Mon Jul 29 2019 11:28:31 GMT+0530  worker 14326 died","level":"info"}
{"message":"Mon Jul 29 2019 11:28:32 GMT+0530  worker 14339 died","level":"info"}
{"message":"Mon Jul 29 2019 11:28:32 GMT+0530  worker 14346 died","level":"info"}
{"message":"Mon Jul 29 2019 11:28:32 GMT+0530  worker 14362 died","level":"info"}
{"message":"Mon Jul 29 2019 11:28:33 GMT+0530  worker 14370 died","level":"info"}
{"message":"Mon Jul 29 2019 11:28:33 GMT+0530  worker 14387 died","level":"info"}
{"message":"Mon Jul 29 2019 11:28:33 GMT+0530  worker 14404 died","level":"info"}
{"message":"Mon Jul 29 2019 11:28:34 GMT+0530  worker 14421 died","level":"info"}
{"message":"Mon Jul 29 2019 11:28:34 GMT+0530  worker 14433 died","level":"info"}
{"message":"Mon Jul 29 2019 11:28:35 GMT+0530  worker 14446 died","level":"info"}
{"message":"Mon Jul 29 2019 11:28:35 GMT+0530  worker 14452 died","level":"info"}
{"message":"Mon Jul 29 2019 11:28:35 GMT+0530  worker 14469 died","level":"info"}
{"message":"Mon Jul 29 2019 11:28:35 GMT+0530  worker 14477 died","level":"info"}
{"message":"Mon Jul 29 2019 11:28:36 GMT+0530  worker 14495 died","level":"info"}
{"message":"Mon Jul 29 2019 11:28:36 GMT+0530  worker 14494 died","level":"info"}
{"message":"Mon Jul 29 2019 11:28:36 GMT+0530  worker 14517 died","level":"info"}
{"message":"Mon Jul 29 2019 11:28:37 GMT+0530  worker 14529 died","level":"info"}
{"message":"Mon Jul 29 2019 11:28:37 GMT+0530  worker 14549 died","level":"info"}
{"message":"Mon Jul 29 2019 11:28:37 GMT+0530  worker 14542 died","level":"info"}
{"message":"Mon Jul 29 2019 11:28:38 GMT+0530  worker 14566 died","level":"info"}
{"message":"Mon Jul 29 2019 11:28:38 GMT+0530  worker 14574 died","level":"info"}
{"message":"Mon Jul 29 2019 11:28:39 GMT+0530  worker 14591 died","level":"info"}
{"message":"Mon Jul 29 2019 11:28:39 GMT+0530  worker 14593 died","level":"info"}
{"message":"Mon Jul 29 2019 11:28:39 GMT+0530  worker 14614 died","level":"info"}
{"message":"Mon Jul 29 2019 11:28:39 GMT+0530  worker 14627 died","level":"info"}
{"message":"Mon Jul 29 2019 11:28:40 GMT+0530  worker 14640 died","level":"info"}
{"message":"Mon Jul 29 2019 11:28:40 GMT+0530  worker 14645 died","level":"info"}
{"message":"Mon Jul 29 2019 11:28:40 GMT+0530  worker 14663 died","level":"info"}
{"message":"Mon Jul 29 2019 11:28:41 GMT+0530  worker 14675 died","level":"info"}
{"message":"Mon Jul 29 2019 11:28:41 GMT+0530  worker 14684 died","level":"info"}
{"message":"Mon Jul 29 2019 11:28:42 GMT+0530  worker 14695 died","level":"info"}
{"message":"Mon Jul 29 2019 11:28:42 GMT+0530  worker 14707 died","level":"info"}
{"message":"Mon Jul 29 2019 11:28:43 GMT+0530  worker 14723 died","level":"info"}
{"message":"Mon Jul 29 2019 11:28:43 GMT+0530  worker 14732 died","level":"info"}
{"message":"Mon Jul 29 2019 11:28:44 GMT+0530  worker 14746 died","level":"info"}
{"message":"Mon Jul 29 2019 11:28:44 GMT+0530  worker 14768 died","level":"info"}
{"message":"Mon Jul 29 2019 11:28:45 GMT+0530  worker 14784 died","level":"info"}
{"message":"Mon Jul 29 2019 11:28:45 GMT+0530  worker 14796 died","level":"info"}
{"message":"Mon Jul 29 2019 11:28:45 GMT+0530  worker 14812 died","level":"info"}
{"message":"Mon Jul 29 2019 11:28:45 GMT+0530  worker 14805 died","level":"info"}
{"message":"Mon Jul 29 2019 11:28:46 GMT+0530  worker 14833 died","level":"info"}
{"message":"Mon Jul 29 2019 11:28:47 GMT+0530  worker 14853 died","level":"info"}
{"message":"Mon Jul 29 2019 11:28:47 GMT+0530  worker 14841 died","level":"info"}
{"message":"Mon Jul 29 2019 11:28:47 GMT+0530  worker 14859 died","level":"info"}
{"message":"Mon Jul 29 2019 11:28:48 GMT+0530  worker 14880 died","level":"info"}
{"message":"Mon Jul 29 2019 11:28:48 GMT+0530  worker 14890 died","level":"info"}
{"message":"Mon Jul 29 2019 11:28:49 GMT+0530  worker 14901 died","level":"info"}
{"message":"Mon Jul 29 2019 11:28:49 GMT+0530  worker 14908 died","level":"info"}
{"message":"Mon Jul 29 2019 11:28:49 GMT+0530  worker 14929 died","level":"info"}
{"message":"Mon Jul 29 2019 11:28:50 GMT+0530  worker 14938 died","level":"info"}
{"message":"Mon Jul 29 2019 11:28:50 GMT+0530  worker 14950 died","level":"info"}
{"message":"Mon Jul 29 2019 11:28:50 GMT+0530  worker 14957 died","level":"info"}
{"message":"Mon Jul 29 2019 11:28:51 GMT+0530  worker 14977 died","level":"info"}
{"message":"Mon Jul 29 2019 11:28:51 GMT+0530  worker 14986 died","level":"info"}
{"message":"Mon Jul 29 2019 11:28:51 GMT+0530  worker 14998 died","level":"info"}
{"message":"Mon Jul 29 2019 11:28:51 GMT+0530  worker 15005 died","level":"info"}
{"message":"Mon Jul 29 2019 11:28:52 GMT+0530  worker 15025 died","level":"info"}
{"message":"Mon Jul 29 2019 11:28:52 GMT+0530  worker 15034 died","level":"info"}
{"message":"Mon Jul 29 2019 11:28:53 GMT+0530  worker 15045 died","level":"info"}
{"message":"Mon Jul 29 2019 11:28:53 GMT+0530  worker 15057 died","level":"info"}
{"message":"Mon Jul 29 2019 11:28:53 GMT+0530  worker 15073 died","level":"info"}
{"message":"Mon Jul 29 2019 11:28:54 GMT+0530  worker 15082 died","level":"info"}
{"message":"Mon Jul 29 2019 11:28:54 GMT+0530  worker 15094 died","level":"info"}
{"message":"Mon Jul 29 2019 11:28:54 GMT+0530  worker 15105 died","level":"info"}
{"message":"Mon Jul 29 2019 11:28:55 GMT+0530  worker 15121 died","level":"info"}
{"message":"Mon Jul 29 2019 11:28:55 GMT+0530  worker 15130 died","level":"info"}
{"message":"Mon Jul 29 2019 11:28:55 GMT+0530  worker 15142 died","level":"info"}
{"message":"Mon Jul 29 2019 11:28:55 GMT+0530  worker 15153 died","level":"info"}
{"message":"Mon Jul 29 2019 11:28:56 GMT+0530  worker 15169 died","level":"info"}
{"message":"Mon Jul 29 2019 11:28:56 GMT+0530  worker 15178 died","level":"info"}
{"message":"Mon Jul 29 2019 11:28:57 GMT+0530  worker 15190 died","level":"info"}
{"message":"Mon Jul 29 2019 11:28:57 GMT+0530  worker 15201 died","level":"info"}
{"message":"Mon Jul 29 2019 11:28:57 GMT+0530  worker 15217 died","level":"info"}
{"message":"Mon Jul 29 2019 11:28:58 GMT+0530  worker 15226 died","level":"info"}
{"message":"Mon Jul 29 2019 11:28:58 GMT+0530  worker 15238 died","level":"info"}
{"message":"Mon Jul 29 2019 11:28:58 GMT+0530  worker 15249 died","level":"info"}
{"message":"Mon Jul 29 2019 11:28:59 GMT+0530  worker 15265 died","level":"info"}
{"message":"Mon Jul 29 2019 11:28:59 GMT+0530  worker 15274 died","level":"info"}
{"message":"Mon Jul 29 2019 11:28:59 GMT+0530  worker 15286 died","level":"info"}
{"message":"Mon Jul 29 2019 11:29:00 GMT+0530  worker 15297 died","level":"info"}
{"message":"Mon Jul 29 2019 11:29:01 GMT+0530  worker 15313 died","level":"info"}
{"message":"Mon Jul 29 2019 11:29:01 GMT+0530  worker 15322 died","level":"info"}
{"message":"Mon Jul 29 2019 11:29:01 GMT+0530  worker 15333 died","level":"info"}
{"message":"Mon Jul 29 2019 11:29:01 GMT+0530  worker 15345 died","level":"info"}
{"message":"Mon Jul 29 2019 11:29:02 GMT+0530  worker 15362 died","level":"info"}
{"message":"Mon Jul 29 2019 11:29:02 GMT+0530  worker 15377 died","level":"info"}
{"message":"Mon Jul 29 2019 11:29:02 GMT+0530  worker 15370 died","level":"info"}
{"message":"Mon Jul 29 2019 11:29:03 GMT+0530  worker 15397 died","level":"info"}
{"message":"Mon Jul 29 2019 11:29:03 GMT+0530  worker 15409 died","level":"info"}
{"message":"Mon Jul 29 2019 11:29:04 GMT+0530  worker 15430 died","level":"info"}
{"message":"Mon Jul 29 2019 11:29:04 GMT+0530  worker 15423 died","level":"info"}
{"message":"Mon Jul 29 2019 11:29:04 GMT+0530  worker 15438 died","level":"info"}
{"message":"Mon Jul 29 2019 11:29:05 GMT+0530  worker 15458 died","level":"info"}
{"message":"Mon Jul 29 2019 11:29:05 GMT+0530  worker 15471 died","level":"info"}
{"message":"Mon Jul 29 2019 11:29:05 GMT+0530  worker 15477 died","level":"info"}
{"message":"Mon Jul 29 2019 11:29:05 GMT+0530  worker 15486 died","level":"info"}
{"message":"Mon Jul 29 2019 11:29:06 GMT+0530  worker 15507 died","level":"info"}
{"message":"Mon Jul 29 2019 11:29:07 GMT+0530  worker 15521 died","level":"info"}
{"message":"Mon Jul 29 2019 11:29:07 GMT+0530  worker 15528 died","level":"info"}
{"message":"Mon Jul 29 2019 11:29:07 GMT+0530  worker 15536 died","level":"info"}
{"message":"Mon Jul 29 2019 11:29:08 GMT+0530  worker 15558 died","level":"info"}
{"message":"Mon Jul 29 2019 11:29:08 GMT+0530  worker 15567 died","level":"info"}
{"message":"Mon Jul 29 2019 11:29:08 GMT+0530  worker 15575 died","level":"info"}
{"message":"Mon Jul 29 2019 11:29:08 GMT+0530  worker 15586 died","level":"info"}
{"message":"Mon Jul 29 2019 11:29:09 GMT+0530  worker 15607 died","level":"info"}
{"message":"Mon Jul 29 2019 11:29:10 GMT+0530  worker 15620 died","level":"info"}
{"message":"Mon Jul 29 2019 11:29:10 GMT+0530  worker 15628 died","level":"info"}
{"message":"Mon Jul 29 2019 11:29:10 GMT+0530  worker 15635 died","level":"info"}
{"message":"Mon Jul 29 2019 11:29:10 GMT+0530  worker 15655 died","level":"info"}
{"message":"Mon Jul 29 2019 11:29:11 GMT+0530  worker 15676 died","level":"info"}
{"message":"Mon Jul 29 2019 11:29:11 GMT+0530  worker 15669 died","level":"info"}
{"message":"Mon Jul 29 2019 11:29:11 GMT+0530  worker 15683 died","level":"info"}
{"message":"Mon Jul 29 2019 11:29:12 GMT+0530  worker 15704 died","level":"info"}
{"message":"Mon Jul 29 2019 11:29:12 GMT+0530  worker 15719 died","level":"info"}
{"message":"Mon Jul 29 2019 11:29:12 GMT+0530  worker 15726 died","level":"info"}
{"message":"Mon Jul 29 2019 11:29:12 GMT+0530  worker 15733 died","level":"info"}
{"message":"Mon Jul 29 2019 11:29:13 GMT+0530  worker 15753 died","level":"info"}
{"message":"Mon Jul 29 2019 11:29:14 GMT+0530  worker 15767 died","level":"info"}
{"message":"Mon Jul 29 2019 11:29:14 GMT+0530  worker 15781 died","level":"info"}
{"message":"Mon Jul 29 2019 11:29:14 GMT+0530  worker 15774 died","level":"info"}
{"message":"Mon Jul 29 2019 11:29:14 GMT+0530  worker 15801 died","level":"info"}
{"message":"Mon Jul 29 2019 11:29:15 GMT+0530  worker 15815 died","level":"info"}
{"message":"Mon Jul 29 2019 11:29:15 GMT+0530  worker 15822 died","level":"info"}
{"message":"Mon Jul 29 2019 11:29:15 GMT+0530  worker 15823 died","level":"info"}
{"message":"Mon Jul 29 2019 11:29:16 GMT+0530  worker 15850 died","level":"info"}
{"message":"Mon Jul 29 2019 11:29:17 GMT+0530  worker 15864 died","level":"info"}
{"message":"Mon Jul 29 2019 11:29:17 GMT+0530  worker 15871 died","level":"info"}
{"message":"Mon Jul 29 2019 11:29:17 GMT+0530  worker 15877 died","level":"info"}
{"message":"Mon Jul 29 2019 11:29:18 GMT+0530  worker 15898 died","level":"info"}
{"message":"Mon Jul 29 2019 11:29:19 GMT+0530  worker 15912 died","level":"info"}
{"message":"Mon Jul 29 2019 11:29:19 GMT+0530  worker 15919 died","level":"info"}
{"message":"Mon Jul 29 2019 11:29:19 GMT+0530  worker 15925 died","level":"info"}
{"message":"Mon Jul 29 2019 11:29:20 GMT+0530  worker 15946 died","level":"info"}
{"message":"Mon Jul 29 2019 11:29:20 GMT+0530  worker 15974 died","level":"info"}
{"message":"Mon Jul 29 2019 11:29:20 GMT+0530  worker 15962 died","level":"info"}
{"message":"Mon Jul 29 2019 11:29:20 GMT+0530  worker 15960 died","level":"info"}
{"message":"Mon Jul 29 2019 11:29:21 GMT+0530  worker 15994 died","level":"info"}
{"message":"Mon Jul 29 2019 11:29:22 GMT+0530  worker 16004 died","level":"info"}
{"message":"Mon Jul 29 2019 11:29:22 GMT+0530  worker 16015 died","level":"info"}
{"message":"Mon Jul 29 2019 11:29:22 GMT+0530  worker 16022 died","level":"info"}
{"message":"Mon Jul 29 2019 11:29:23 GMT+0530  worker 16042 died","level":"info"}
{"message":"Mon Jul 29 2019 11:29:23 GMT+0530  worker 16052 died","level":"info"}
{"message":"Mon Jul 29 2019 11:29:23 GMT+0530  worker 16059 died","level":"info"}
{"message":"Mon Jul 29 2019 11:29:23 GMT+0530  worker 16060 died","level":"info"}
